plugin/google_signin/build/intermediates/manifest_merge_blame_file/release/processReleaseManifest/manifest-merger-blame-release-report.txt
1<?xml version="1.0" encoding="utf-8"?>
2<manifest xmlns:android="http://schemas.android.com/apk/res/android"
3    package="com.snakito.googlesignin" >
4
5    <uses-sdk android:minSdkVersion="24" />
6
7    <application>
7-->src/main/AndroidManifest.xml:2:5-6:19
8        <meta-data
8-->src/main/AndroidManifest.xml:3:9-5:75
9            android:name="org.godotengine.plugin.v2.GoogleSignIn"
9-->src/main/AndroidManifest.xml:4:13-66
10            android:value="com.snakito.googlesignin.GoogleSignInPlugin" />
10-->src/main/AndroidManifest.xml:5:13-72
11    </application>
12
13</manifest>